2020-06-05 11:40:38,810 INFO 39538 [egg-schedule]: register schedule /Users/ifeng/Documents/workspace/node-puppeteer-poster/node_modules/egg-multipart/app/schedule/clean_tmpdir.js
2020-06-05 11:40:38,810 INFO 39538 [egg-schedule]: register schedule /Users/ifeng/Documents/workspace/node-puppeteer-poster/node_modules/egg-logrotator/app/schedule/clean_log.js
2020-06-05 11:40:38,810 INFO 39538 [egg-schedule]: register schedule /Users/ifeng/Documents/workspace/node-puppeteer-poster/node_modules/egg-logrotator/app/schedule/rotate_by_file.js
2020-06-05 11:40:41,417 INFO 39537 [Timer] /Users/ifeng/Documents/workspace/node-puppeteer-poster/node_modules/egg-multipart/app/schedule/clean_tmpdir.js next time will execute after 60558589ms at 2020-06-06 04:30:00.006
2020-06-05 11:40:41,418 INFO 39537 [Timer] /Users/ifeng/Documents/workspace/node-puppeteer-poster/node_modules/egg-logrotator/app/schedule/clean_log.js next time will execute after 44358583ms at 2020-06-06 00:00:00.001
2020-06-05 11:40:41,419 INFO 39537 [Timer] /Users/ifeng/Documents/workspace/node-puppeteer-poster/node_modules/egg-logrotator/app/schedule/rotate_by_file.js next time will execute after 44359582ms at 2020-06-06 00:00:01.000
2020-06-05 11:45:18,912 INFO 39952 [egg-schedule]: register schedule /Users/ifeng/Documents/workspace/node-puppeteer-poster/node_modules/egg-multipart/app/schedule/clean_tmpdir.js
2020-06-05 11:45:18,912 INFO 39952 [egg-schedule]: register schedule /Users/ifeng/Documents/workspace/node-puppeteer-poster/node_modules/egg-logrotator/app/schedule/clean_log.js
2020-06-05 11:45:18,912 INFO 39952 [egg-schedule]: register schedule /Users/ifeng/Documents/workspace/node-puppeteer-poster/node_modules/egg-logrotator/app/schedule/rotate_by_file.js
2020-06-05 11:45:22,339 INFO 39962 [egg-schedule]: register schedule /Users/ifeng/Documents/workspace/node-puppeteer-poster/node_modules/egg-multipart/app/schedule/clean_tmpdir.js
2020-06-05 11:45:22,339 INFO 39962 [egg-schedule]: register schedule /Users/ifeng/Documents/workspace/node-puppeteer-poster/node_modules/egg-logrotator/app/schedule/clean_log.js
2020-06-05 11:45:22,339 INFO 39962 [egg-schedule]: register schedule /Users/ifeng/Documents/workspace/node-puppeteer-poster/node_modules/egg-logrotator/app/schedule/rotate_by_file.js
2020-06-05 11:45:38,565 INFO 39986 [egg-schedule]: register schedule /Users/ifeng/Documents/workspace/node-puppeteer-poster/node_modules/egg-multipart/app/schedule/clean_tmpdir.js
2020-06-05 11:45:38,565 INFO 39986 [egg-schedule]: register schedule /Users/ifeng/Documents/workspace/node-puppeteer-poster/node_modules/egg-logrotator/app/schedule/clean_log.js
2020-06-05 11:45:38,565 INFO 39986 [egg-schedule]: register schedule /Users/ifeng/Documents/workspace/node-puppeteer-poster/node_modules/egg-logrotator/app/schedule/rotate_by_file.js
2020-06-05 11:45:43,752 INFO 40005 [egg-schedule]: register schedule /Users/ifeng/Documents/workspace/node-puppeteer-poster/node_modules/egg-multipart/app/schedule/clean_tmpdir.js
2020-06-05 11:45:43,752 INFO 40005 [egg-schedule]: register schedule /Users/ifeng/Documents/workspace/node-puppeteer-poster/node_modules/egg-logrotator/app/schedule/clean_log.js
2020-06-05 11:45:43,752 INFO 40005 [egg-schedule]: register schedule /Users/ifeng/Documents/workspace/node-puppeteer-poster/node_modules/egg-logrotator/app/schedule/rotate_by_file.js
2020-06-05 11:45:45,849 INFO 40023 [egg-schedule]: register schedule /Users/ifeng/Documents/workspace/node-puppeteer-poster/node_modules/egg-multipart/app/schedule/clean_tmpdir.js
2020-06-05 11:45:45,850 INFO 40023 [egg-schedule]: register schedule /Users/ifeng/Documents/workspace/node-puppeteer-poster/node_modules/egg-logrotator/app/schedule/clean_log.js
2020-06-05 11:45:45,850 INFO 40023 [egg-schedule]: register schedule /Users/ifeng/Documents/workspace/node-puppeteer-poster/node_modules/egg-logrotator/app/schedule/rotate_by_file.js
2020-06-05 11:45:50,676 INFO 40041 [egg-schedule]: register schedule /Users/ifeng/Documents/workspace/node-puppeteer-poster/node_modules/egg-multipart/app/schedule/clean_tmpdir.js
2020-06-05 11:45:50,676 INFO 40041 [egg-schedule]: register schedule /Users/ifeng/Documents/workspace/node-puppeteer-poster/node_modules/egg-logrotator/app/schedule/clean_log.js
2020-06-05 11:45:50,676 INFO 40041 [egg-schedule]: register schedule /Users/ifeng/Documents/workspace/node-puppeteer-poster/node_modules/egg-logrotator/app/schedule/rotate_by_file.js
2020-06-05 11:46:06,241 INFO 40071 [egg-schedule]: register schedule /Users/ifeng/Documents/workspace/node-puppeteer-poster/node_modules/egg-multipart/app/schedule/clean_tmpdir.js
2020-06-05 11:46:06,241 INFO 40071 [egg-schedule]: register schedule /Users/ifeng/Documents/workspace/node-puppeteer-poster/node_modules/egg-logrotator/app/schedule/clean_log.js
2020-06-05 11:46:06,241 INFO 40071 [egg-schedule]: register schedule /Users/ifeng/Documents/workspace/node-puppeteer-poster/node_modules/egg-logrotator/app/schedule/rotate_by_file.js
2020-06-05 11:46:10,267 INFO 40083 [egg-schedule]: register schedule /Users/ifeng/Documents/workspace/node-puppeteer-poster/node_modules/egg-multipart/app/schedule/clean_tmpdir.js
2020-06-05 11:46:10,267 INFO 40083 [egg-schedule]: register schedule /Users/ifeng/Documents/workspace/node-puppeteer-poster/node_modules/egg-logrotator/app/schedule/clean_log.js
2020-06-05 11:46:10,267 INFO 40083 [egg-schedule]: register schedule /Users/ifeng/Documents/workspace/node-puppeteer-poster/node_modules/egg-logrotator/app/schedule/rotate_by_file.js
2020-06-05 11:46:17,349 INFO 40096 [egg-schedule]: register schedule /Users/ifeng/Documents/workspace/node-puppeteer-poster/node_modules/egg-multipart/app/schedule/clean_tmpdir.js
2020-06-05 11:46:17,349 INFO 40096 [egg-schedule]: register schedule /Users/ifeng/Documents/workspace/node-puppeteer-poster/node_modules/egg-logrotator/app/schedule/clean_log.js
2020-06-05 11:46:17,349 INFO 40096 [egg-schedule]: register schedule /Users/ifeng/Documents/workspace/node-puppeteer-poster/node_modules/egg-logrotator/app/schedule/rotate_by_file.js
2020-06-05 11:46:20,028 INFO 40116 [egg-schedule]: register schedule /Users/ifeng/Documents/workspace/node-puppeteer-poster/node_modules/egg-multipart/app/schedule/clean_tmpdir.js
2020-06-05 11:46:20,028 INFO 40116 [egg-schedule]: register schedule /Users/ifeng/Documents/workspace/node-puppeteer-poster/node_modules/egg-logrotator/app/schedule/clean_log.js
2020-06-05 11:46:20,028 INFO 40116 [egg-schedule]: register schedule /Users/ifeng/Documents/workspace/node-puppeteer-poster/node_modules/egg-logrotator/app/schedule/rotate_by_file.js
2020-06-05 11:46:20,028 INFO 40117 [egg-schedule]: register schedule /Users/ifeng/Documents/workspace/node-puppeteer-poster/node_modules/egg-multipart/app/schedule/clean_tmpdir.js
2020-06-05 11:46:20,028 INFO 40117 [egg-schedule]: register schedule /Users/ifeng/Documents/workspace/node-puppeteer-poster/node_modules/egg-logrotator/app/schedule/clean_log.js
2020-06-05 11:46:20,028 INFO 40117 [egg-schedule]: register schedule /Users/ifeng/Documents/workspace/node-puppeteer-poster/node_modules/egg-logrotator/app/schedule/rotate_by_file.js
2020-06-05 11:46:23,896 INFO 40128 [egg-schedule]: register schedule /Users/ifeng/Documents/workspace/node-puppeteer-poster/node_modules/egg-multipart/app/schedule/clean_tmpdir.js
2020-06-05 11:46:23,896 INFO 40128 [egg-schedule]: register schedule /Users/ifeng/Documents/workspace/node-puppeteer-poster/node_modules/egg-logrotator/app/schedule/clean_log.js
2020-06-05 11:46:23,896 INFO 40128 [egg-schedule]: register schedule /Users/ifeng/Documents/workspace/node-puppeteer-poster/node_modules/egg-logrotator/app/schedule/rotate_by_file.js
2020-06-05 11:46:29,139 INFO 40137 [egg-schedule]: register schedule /Users/ifeng/Documents/workspace/node-puppeteer-poster/node_modules/egg-multipart/app/schedule/clean_tmpdir.js
2020-06-05 11:46:29,139 INFO 40137 [egg-schedule]: register schedule /Users/ifeng/Documents/workspace/node-puppeteer-poster/node_modules/egg-logrotator/app/schedule/clean_log.js
2020-06-05 11:46:29,139 INFO 40137 [egg-schedule]: register schedule /Users/ifeng/Documents/workspace/node-puppeteer-poster/node_modules/egg-logrotator/app/schedule/rotate_by_file.js
2020-06-05 12:03:50,423 INFO 42169 [Timer] /Users/ifeng/Documents/workspace/node-puppeteer-poster/node_modules/egg-multipart/app/schedule/clean_tmpdir.js next time will execute after 59169587ms at 2020-06-06 04:30:00.010
2020-06-05 12:03:50,423 INFO 42169 [Timer] /Users/ifeng/Documents/workspace/node-puppeteer-poster/node_modules/egg-logrotator/app/schedule/clean_log.js next time will execute after 42969577ms at 2020-06-06 00:00:00.000
2020-06-05 12:03:50,426 INFO 42169 [Timer] /Users/ifeng/Documents/workspace/node-puppeteer-poster/node_modules/egg-logrotator/app/schedule/rotate_by_file.js next time will execute after 42970577ms at 2020-06-06 00:00:01.002
2020-06-05 12:03:50,248 INFO 42170 [egg-schedule]: register schedule /Users/ifeng/Documents/workspace/node-puppeteer-poster/node_modules/egg-multipart/app/schedule/clean_tmpdir.js
2020-06-05 12:03:50,248 INFO 42170 [egg-schedule]: register schedule /Users/ifeng/Documents/workspace/node-puppeteer-poster/node_modules/egg-logrotator/app/schedule/clean_log.js
2020-06-05 12:03:50,248 INFO 42170 [egg-schedule]: register schedule /Users/ifeng/Documents/workspace/node-puppeteer-poster/node_modules/egg-logrotator/app/schedule/rotate_by_file.js
2020-06-05 12:05:09,238 INFO 42267 [egg-schedule]: register schedule /Users/ifeng/Documents/workspace/node-puppeteer-poster/node_modules/egg-multipart/app/schedule/clean_tmpdir.js
2020-06-05 12:05:09,238 INFO 42267 [egg-schedule]: register schedule /Users/ifeng/Documents/workspace/node-puppeteer-poster/node_modules/egg-logrotator/app/schedule/clean_log.js
2020-06-05 12:05:09,238 INFO 42267 [egg-schedule]: register schedule /Users/ifeng/Documents/workspace/node-puppeteer-poster/node_modules/egg-logrotator/app/schedule/rotate_by_file.js
2020-06-05 12:05:15,226 INFO 42287 [egg-schedule]: register schedule /Users/ifeng/Documents/workspace/node-puppeteer-poster/node_modules/egg-multipart/app/schedule/clean_tmpdir.js
2020-06-05 12:05:15,226 INFO 42287 [egg-schedule]: register schedule /Users/ifeng/Documents/workspace/node-puppeteer-poster/node_modules/egg-logrotator/app/schedule/clean_log.js
2020-06-05 12:05:15,226 INFO 42287 [egg-schedule]: register schedule /Users/ifeng/Documents/workspace/node-puppeteer-poster/node_modules/egg-logrotator/app/schedule/rotate_by_file.js
2020-06-05 12:05:16,720 INFO 42298 [egg-schedule]: register schedule /Users/ifeng/Documents/workspace/node-puppeteer-poster/node_modules/egg-multipart/app/schedule/clean_tmpdir.js
2020-06-05 12:05:16,720 INFO 42298 [egg-schedule]: register schedule /Users/ifeng/Documents/workspace/node-puppeteer-poster/node_modules/egg-logrotator/app/schedule/clean_log.js
2020-06-05 12:05:16,720 INFO 42298 [egg-schedule]: register schedule /Users/ifeng/Documents/workspace/node-puppeteer-poster/node_modules/egg-logrotator/app/schedule/rotate_by_file.js
2020-06-05 12:05:23,193 INFO 42317 [egg-schedule]: register schedule /Users/ifeng/Documents/workspace/node-puppeteer-poster/node_modules/egg-multipart/app/schedule/clean_tmpdir.js
2020-06-05 12:05:23,193 INFO 42317 [egg-schedule]: register schedule /Users/ifeng/Documents/workspace/node-puppeteer-poster/node_modules/egg-logrotator/app/schedule/clean_log.js
2020-06-05 12:05:23,193 INFO 42317 [egg-schedule]: register schedule /Users/ifeng/Documents/workspace/node-puppeteer-poster/node_modules/egg-logrotator/app/schedule/rotate_by_file.js
2020-06-05 12:05:28,258 INFO 42329 [egg-schedule]: register schedule /Users/ifeng/Documents/workspace/node-puppeteer-poster/node_modules/egg-multipart/app/schedule/clean_tmpdir.js
2020-06-05 12:05:28,258 INFO 42329 [egg-schedule]: register schedule /Users/ifeng/Documents/workspace/node-puppeteer-poster/node_modules/egg-logrotator/app/schedule/clean_log.js
2020-06-05 12:05:28,258 INFO 42329 [egg-schedule]: register schedule /Users/ifeng/Documents/workspace/node-puppeteer-poster/node_modules/egg-logrotator/app/schedule/rotate_by_file.js
2020-06-05 12:05:29,814 INFO 42349 [egg-schedule]: register schedule /Users/ifeng/Documents/workspace/node-puppeteer-poster/node_modules/egg-multipart/app/schedule/clean_tmpdir.js
2020-06-05 12:05:29,814 INFO 42349 [egg-schedule]: register schedule /Users/ifeng/Documents/workspace/node-puppeteer-poster/node_modules/egg-logrotator/app/schedule/clean_log.js
2020-06-05 12:05:29,814 INFO 42349 [egg-schedule]: register schedule /Users/ifeng/Documents/workspace/node-puppeteer-poster/node_modules/egg-logrotator/app/schedule/rotate_by_file.js
2020-06-05 12:05:34,313 INFO 42378 [egg-schedule]: register schedule /Users/ifeng/Documents/workspace/node-puppeteer-poster/node_modules/egg-multipart/app/schedule/clean_tmpdir.js
2020-06-05 12:05:34,313 INFO 42378 [egg-schedule]: register schedule /Users/ifeng/Documents/workspace/node-puppeteer-poster/node_modules/egg-logrotator/app/schedule/clean_log.js
2020-06-05 12:05:34,313 INFO 42378 [egg-schedule]: register schedule /Users/ifeng/Documents/workspace/node-puppeteer-poster/node_modules/egg-logrotator/app/schedule/rotate_by_file.js
2020-06-05 12:05:36,633 INFO 42397 [egg-schedule]: register schedule /Users/ifeng/Documents/workspace/node-puppeteer-poster/node_modules/egg-multipart/app/schedule/clean_tmpdir.js
2020-06-05 12:05:36,633 INFO 42397 [egg-schedule]: register schedule /Users/ifeng/Documents/workspace/node-puppeteer-poster/node_modules/egg-logrotator/app/schedule/clean_log.js
2020-06-05 12:05:36,633 INFO 42397 [egg-schedule]: register schedule /Users/ifeng/Documents/workspace/node-puppeteer-poster/node_modules/egg-logrotator/app/schedule/rotate_by_file.js
2020-06-05 12:05:37,375 INFO 42403 [egg-schedule]: register schedule /Users/ifeng/Documents/workspace/node-puppeteer-poster/node_modules/egg-multipart/app/schedule/clean_tmpdir.js
2020-06-05 12:05:37,375 INFO 42403 [egg-schedule]: register schedule /Users/ifeng/Documents/workspace/node-puppeteer-poster/node_modules/egg-logrotator/app/schedule/clean_log.js
2020-06-05 12:05:37,375 INFO 42403 [egg-schedule]: register schedule /Users/ifeng/Documents/workspace/node-puppeteer-poster/node_modules/egg-logrotator/app/schedule/rotate_by_file.js
2020-06-05 12:05:42,491 INFO 42421 [egg-schedule]: register schedule /Users/ifeng/Documents/workspace/node-puppeteer-poster/node_modules/egg-multipart/app/schedule/clean_tmpdir.js
2020-06-05 12:05:42,491 INFO 42421 [egg-schedule]: register schedule /Users/ifeng/Documents/workspace/node-puppeteer-poster/node_modules/egg-logrotator/app/schedule/clean_log.js
2020-06-05 12:05:42,491 INFO 42421 [egg-schedule]: register schedule /Users/ifeng/Documents/workspace/node-puppeteer-poster/node_modules/egg-logrotator/app/schedule/rotate_by_file.js
2020-06-05 12:05:43,820 INFO 42434 [egg-schedule]: register schedule /Users/ifeng/Documents/workspace/node-puppeteer-poster/node_modules/egg-multipart/app/schedule/clean_tmpdir.js
2020-06-05 12:05:43,820 INFO 42434 [egg-schedule]: register schedule /Users/ifeng/Documents/workspace/node-puppeteer-poster/node_modules/egg-logrotator/app/schedule/clean_log.js
2020-06-05 12:05:43,820 INFO 42434 [egg-schedule]: register schedule /Users/ifeng/Documents/workspace/node-puppeteer-poster/node_modules/egg-logrotator/app/schedule/rotate_by_file.js
2020-06-05 12:08:15,798 INFO 42732 [egg-schedule]: register schedule /Users/ifeng/Documents/workspace/node-puppeteer-poster/node_modules/egg-multipart/app/schedule/clean_tmpdir.js
2020-06-05 12:08:15,798 INFO 42732 [egg-schedule]: register schedule /Users/ifeng/Documents/workspace/node-puppeteer-poster/node_modules/egg-logrotator/app/schedule/clean_log.js
2020-06-05 12:08:15,798 INFO 42732 [egg-schedule]: register schedule /Users/ifeng/Documents/workspace/node-puppeteer-poster/node_modules/egg-logrotator/app/schedule/rotate_by_file.js
2020-06-05 12:08:17,076 INFO 42735 [egg-schedule]: register schedule /Users/ifeng/Documents/workspace/node-puppeteer-poster/node_modules/egg-multipart/app/schedule/clean_tmpdir.js
2020-06-05 12:08:17,076 INFO 42735 [egg-schedule]: register schedule /Users/ifeng/Documents/workspace/node-puppeteer-poster/node_modules/egg-logrotator/app/schedule/clean_log.js
2020-06-05 12:08:17,076 INFO 42735 [egg-schedule]: register schedule /Users/ifeng/Documents/workspace/node-puppeteer-poster/node_modules/egg-logrotator/app/schedule/rotate_by_file.js
2020-06-05 12:08:23,957 INFO 42749 [egg-schedule]: register schedule /Users/ifeng/Documents/workspace/node-puppeteer-poster/node_modules/egg-multipart/app/schedule/clean_tmpdir.js
2020-06-05 12:08:23,957 INFO 42749 [egg-schedule]: register schedule /Users/ifeng/Documents/workspace/node-puppeteer-poster/node_modules/egg-logrotator/app/schedule/clean_log.js
2020-06-05 12:08:23,957 INFO 42749 [egg-schedule]: register schedule /Users/ifeng/Documents/workspace/node-puppeteer-poster/node_modules/egg-logrotator/app/schedule/rotate_by_file.js
2020-06-05 14:12:47,876 INFO 43155 [egg-schedule]: register schedule /Users/ifeng/Documents/workspace/node-puppeteer-poster/node_modules/egg-multipart/app/schedule/clean_tmpdir.js
2020-06-05 14:12:47,876 INFO 43155 [egg-schedule]: register schedule /Users/ifeng/Documents/workspace/node-puppeteer-poster/node_modules/egg-logrotator/app/schedule/clean_log.js
2020-06-05 14:12:47,876 INFO 43155 [egg-schedule]: register schedule /Users/ifeng/Documents/workspace/node-puppeteer-poster/node_modules/egg-logrotator/app/schedule/rotate_by_file.js
2020-06-05 14:15:07,681 INFO 43223 [egg-schedule]: register schedule /Users/ifeng/Documents/workspace/node-puppeteer-poster/node_modules/egg-multipart/app/schedule/clean_tmpdir.js
2020-06-05 14:15:07,681 INFO 43223 [egg-schedule]: register schedule /Users/ifeng/Documents/workspace/node-puppeteer-poster/node_modules/egg-logrotator/app/schedule/clean_log.js
2020-06-05 14:15:07,681 INFO 43223 [egg-schedule]: register schedule /Users/ifeng/Documents/workspace/node-puppeteer-poster/node_modules/egg-logrotator/app/schedule/rotate_by_file.js
2020-06-05 14:15:18,702 INFO 43233 [egg-schedule]: register schedule /Users/ifeng/Documents/workspace/node-puppeteer-poster/node_modules/egg-multipart/app/schedule/clean_tmpdir.js
2020-06-05 14:15:18,702 INFO 43233 [egg-schedule]: register schedule /Users/ifeng/Documents/workspace/node-puppeteer-poster/node_modules/egg-logrotator/app/schedule/clean_log.js
2020-06-05 14:15:18,702 INFO 43233 [egg-schedule]: register schedule /Users/ifeng/Documents/workspace/node-puppeteer-poster/node_modules/egg-logrotator/app/schedule/rotate_by_file.js
2020-06-05 14:15:51,758 INFO 43268 [egg-schedule]: register schedule /Users/ifeng/Documents/workspace/node-puppeteer-poster/node_modules/egg-multipart/app/schedule/clean_tmpdir.js
2020-06-05 14:15:51,758 INFO 43268 [egg-schedule]: register schedule /Users/ifeng/Documents/workspace/node-puppeteer-poster/node_modules/egg-logrotator/app/schedule/clean_log.js
2020-06-05 14:15:51,758 INFO 43268 [egg-schedule]: register schedule /Users/ifeng/Documents/workspace/node-puppeteer-poster/node_modules/egg-logrotator/app/schedule/rotate_by_file.js
2020-06-05 14:21:04,407 INFO 43342 [egg-schedule]: register schedule /Users/ifeng/Documents/workspace/node-puppeteer-poster/node_modules/egg-multipart/app/schedule/clean_tmpdir.js
2020-06-05 14:21:04,407 INFO 43342 [egg-schedule]: register schedule /Users/ifeng/Documents/workspace/node-puppeteer-poster/node_modules/egg-logrotator/app/schedule/clean_log.js
2020-06-05 14:21:04,407 INFO 43342 [egg-schedule]: register schedule /Users/ifeng/Documents/workspace/node-puppeteer-poster/node_modules/egg-logrotator/app/schedule/rotate_by_file.js
2020-06-05 14:25:21,772 INFO 43441 [egg-schedule]: register schedule /Users/ifeng/Documents/workspace/node-puppeteer-poster/node_modules/egg-multipart/app/schedule/clean_tmpdir.js
2020-06-05 14:25:21,772 INFO 43441 [egg-schedule]: register schedule /Users/ifeng/Documents/workspace/node-puppeteer-poster/node_modules/egg-logrotator/app/schedule/clean_log.js
2020-06-05 14:25:21,772 INFO 43441 [egg-schedule]: register schedule /Users/ifeng/Documents/workspace/node-puppeteer-poster/node_modules/egg-logrotator/app/schedule/rotate_by_file.js
2020-06-05 14:25:24,031 INFO 43451 [egg-schedule]: register schedule /Users/ifeng/Documents/workspace/node-puppeteer-poster/node_modules/egg-multipart/app/schedule/clean_tmpdir.js
2020-06-05 14:25:24,031 INFO 43451 [egg-schedule]: register schedule /Users/ifeng/Documents/workspace/node-puppeteer-poster/node_modules/egg-logrotator/app/schedule/clean_log.js
2020-06-05 14:25:24,031 INFO 43451 [egg-schedule]: register schedule /Users/ifeng/Documents/workspace/node-puppeteer-poster/node_modules/egg-logrotator/app/schedule/rotate_by_file.js
2020-06-05 14:29:49,851 INFO 43516 [egg-schedule]: register schedule /Users/ifeng/Documents/workspace/node-puppeteer-poster/node_modules/egg-multipart/app/schedule/clean_tmpdir.js
2020-06-05 14:29:49,851 INFO 43516 [egg-schedule]: register schedule /Users/ifeng/Documents/workspace/node-puppeteer-poster/node_modules/egg-logrotator/app/schedule/clean_log.js
2020-06-05 14:29:49,851 INFO 43516 [egg-schedule]: register schedule /Users/ifeng/Documents/workspace/node-puppeteer-poster/node_modules/egg-logrotator/app/schedule/rotate_by_file.js
2020-06-05 14:31:02,425 INFO 43545 [egg-schedule]: register schedule /Users/ifeng/Documents/workspace/node-puppeteer-poster/node_modules/egg-multipart/app/schedule/clean_tmpdir.js
2020-06-05 14:31:02,425 INFO 43545 [egg-schedule]: register schedule /Users/ifeng/Documents/workspace/node-puppeteer-poster/node_modules/egg-logrotator/app/schedule/clean_log.js
2020-06-05 14:31:02,425 INFO 43545 [egg-schedule]: register schedule /Users/ifeng/Documents/workspace/node-puppeteer-poster/node_modules/egg-logrotator/app/schedule/rotate_by_file.js
